f:\videojocs\exopengl3\2dgame\terraria\terraria\debug\vc120.pdb
f:\videojocs\exopengl3\2dgame\terraria\terraria\debug\vc120.idb
f:\videojocs\exopengl3\2dgame\terraria\terraria\debug\game.obj
f:\videojocs\exopengl3\2dgame\terraria\terraria\debug\main.obj
f:\videojocs\exopengl3\2dgame\terraria\terraria\debug\player.obj
f:\videojocs\exopengl3\2dgame\terraria\terraria\debug\scene.obj
f:\videojocs\exopengl3\2dgame\terraria\terraria\debug\shader.obj
f:\videojocs\exopengl3\2dgame\terraria\terraria\debug\shaderprogram.obj
f:\videojocs\exopengl3\2dgame\terraria\terraria\debug\sprite.obj
f:\videojocs\exopengl3\2dgame\terraria\terraria\debug\texture.obj
f:\videojocs\exopengl3\2dgame\terraria\terraria\debug\tilemap.obj
f:\videojocs\exopengl3\2dgame\terraria\debug\terraria.ilk
f:\videojocs\exopengl3\2dgame\terraria\debug\terraria.exe
f:\videojocs\exopengl3\2dgame\terraria\debug\terraria.pdb
f:\videojocs\exopengl3\2dgame\terraria\terraria\debug\terraria.tlog\cl.read.1.tlog
f:\videojocs\exopengl3\2dgame\terraria\terraria\debug\terraria.tlog\cl.write.1.tlog
f:\videojocs\exopengl3\2dgame\terraria\terraria\debug\terraria.tlog\cl.command.1.tlog
f:\videojocs\exopengl3\2dgame\terraria\terraria\debug\terraria.tlog\link.read.2.tlog
f:\videojocs\exopengl3\2dgame\terraria\terraria\debug\terraria.tlog\link.write.1.tlog
f:\videojocs\exopengl3\2dgame\terraria\terraria\debug\terraria.tlog\link.command.1.tlog
